yexicong@yexicong-MS-7D42:~/work/freedom-tools$ make binutils-metal-native-package 
make -C modules/freedom-binutils-metal native-package BINDIR_PREFIX=/home/yexicong/work/freedom-tools/ OBJDIR_PREFIX=/home/yexicong/work/freedom-tools/ EXTRA_OPTION= EXTRA_SUFFIX=
make[1]: Entering directory '/home/yexicong/work/freedom-tools/modules/freedom-binutils-metal'
tclsh ../../scripts/check-naming-and-version-syntax.tcl "Bare Metal Binutils" "riscv64-unknown-elf-binutils" "2.35.0" "2020.12.8"
rm -rf /home/yexicong/work/freedom-tools/obj/x86_64-linux-ubuntu14/install/riscv64-unknown-elf-binutils-2.35.0-2020.12.8-x86_64-linux-ubuntu14
mkdir -p /home/yexicong/work/freedom-tools/obj/x86_64-linux-ubuntu14/install/riscv64-unknown-elf-binutils-2.35.0-2020.12.8-x86_64-linux-ubuntu14
rm -rf /home/yexicong/work/freedom-tools/obj/x86_64-linux-ubuntu14/buildlog/riscv64-unknown-elf-binutils
mkdir -p /home/yexicong/work/freedom-tools/obj/x86_64-linux-ubuntu14/buildlog/riscv64-unknown-elf-binutils
rm -rf /home/yexicong/work/freedom-tools/obj/x86_64-linux-ubuntu14/build/riscv64-unknown-elf-binutils/
mkdir -p /home/yexicong/work/freedom-tools/obj/x86_64-linux-ubuntu14/build/riscv64-unknown-elf-binutils/
git log > /home/yexicong/work/freedom-tools/obj/x86_64-linux-ubuntu14/buildlog/riscv64-unknown-elf-binutils/riscv64-unknown-elf-binutils-git-commit.log
git remote -v > /home/yexicong/work/freedom-tools/obj/x86_64-linux-ubuntu14/buildlog/riscv64-unknown-elf-binutils/riscv64-unknown-elf-binutils-git-remote.log
git clone --single-branch --branch sifive-rvv-1.0.x-zfh-rvb https://github.com/sifive/riscv-binutils-gdb.git /home/yexicong/work/freedom-tools/obj/x86_64-linux-ubuntu14/build/riscv64-unknown-elf-binutils//riscv-binutils
Cloning into '/home/yexicong/work/freedom-tools/obj/x86_64-linux-ubuntu14/build/riscv64-unknown-elf-binutils//riscv-binutils'...
remote: Enumerating objects: 892021, done.
remote: Counting objects: 100% (16/16), done.
remote: Compressing objects: 100% (4/4), done.
remote: Total 892021 (delta 12), reused 12 (delta 12), pack-reused 892005
Receiving objects: 100% (892021/892021), 340.88 MiB | 5.11 MiB/s, done.
Resolving deltas: 100% (741903/741903), done.
Updating files: 100% (35233/35233), done.
cd /home/yexicong/work/freedom-tools/obj/x86_64-linux-ubuntu14/build/riscv64-unknown-elf-binutils//riscv-binutils && git checkout --detach 75d2236ce26a3048f52bbd5186602e27bd635e2b
HEAD is now at 75d2236ce2 SiFive: Fixed DWARF2_ADDR_SIZE and DWARF2_FDE_RELOC_SIZE.
cd /home/yexicong/work/freedom-tools/obj/x86_64-linux-ubuntu14/build/riscv64-unknown-elf-binutils//riscv-binutils && git submodule update --init --recursive
mkdir -p /home/yexicong/work/freedom-tools/bin/
cd /home/yexicong/work/freedom-tools/obj/x86_64-linux-ubuntu14/build/riscv64-unknown-elf-binutils/; tar --dereference --hard-dereference -c riscv-binutils | gzip > /home/yexicong/work/freedom-tools/bin/riscv64-unknown-elf-binutils-2.35.0-2020.12.8-x86_64-linux-ubuntu14.src.tar.gz
date > /home/yexicong/work/freedom-tools/obj/x86_64-linux-ubuntu14/build/riscv64-unknown-elf-binutils/source.stamp
rm -rf /home/yexicong/work/freedom-tools/obj/x86_64-linux-ubuntu14/build/riscv64-unknown-elf-binutils/build-binutils/
mkdir -p /home/yexicong/work/freedom-tools/obj/x86_64-linux-ubuntu14/build/riscv64-unknown-elf-binutils/build-binutils/
# Workaround for CentOS random build fail issue
#
# Corresponding bugzilla entry on upstream:
# https://sourceware.org/bugzilla/show_bug.cgi?id=22941
touch /home/yexicong/work/freedom-tools/obj/x86_64-linux-ubuntu14/build/riscv64-unknown-elf-binutils/riscv-binutils/intl/plural.c
cd /home/yexicong/work/freedom-tools/obj/x86_64-linux-ubuntu14/build/riscv64-unknown-elf-binutils/build-binutils/ && CC_FOR_TARGET=riscv64-unknown-elf-gcc /home/yexicong/work/freedom-tools/obj/x86_64-linux-ubuntu14/build/riscv64-unknown-elf-binutils/riscv-binutils/configure \
	--target=riscv64-unknown-elf \
	--host=x86_64-linux-gnu \
	--prefix=/home/yexicong/work/freedom-tools/obj/x86_64-linux-ubuntu14/install/riscv64-unknown-elf-binutils-2.35.0-2020.12.8-x86_64-linux-ubuntu14 \
	--with-pkgversion="SiFive Binutils-Metal 2.35.0-2020.12.8" \
	--with-bugurl="https://github.com/sifive/freedom-tools/issues" \
	--disable-werror \
	--disable-gdb \
	--disable-sim \
	--disable-libdecnumber \
	--disable-libreadline \
	--with-expat=no \
	--with-mpc=no \
	--with-mpfr=no \
	--with-gmp=no \
	--with-included-gettext \
	CFLAGS="-O2" \
	CXXFLAGS="-O2" &>/home/yexicong/work/freedom-tools/obj/x86_64-linux-ubuntu14/buildlog/riscv64-unknown-elf-binutils/build-binutils-make-configure.log
cd /home/yexicong/work/freedom-tools/obj/x86_64-linux-ubuntu14/build/riscv64-unknown-elf-binutils/build-binutils/; make -j$(nproc) &>/home/yexicong/work/freedom-tools/obj/x86_64-linux-ubuntu14/buildlog/riscv64-unknown-elf-binutils/build-binutils-make-build.log
date > /home/yexicong/work/freedom-tools/obj/x86_64-linux-ubuntu14/build/riscv64-unknown-elf-binutils/build-binutils/support.stamp
cd /home/yexicong/work/freedom-tools/obj/x86_64-linux-ubuntu14/build/riscv64-unknown-elf-binutils/build-binutils/; make -j$(nproc) install install-pdf install-html &>/home/yexicong/work/freedom-tools/obj/x86_64-linux-ubuntu14/buildlog/riscv64-unknown-elf-binutils/build-binutils-make-install.log
tclsh ../../scripts/dyn-lib-check-x86_64-linux-ubuntu14.tcl /home/yexicong/work/freedom-tools/obj/x86_64-linux-ubuntu14/install/riscv64-unknown-elf-binutils-2.35.0-2020.12.8-x86_64-linux-ubuntu14/bin/riscv64-unknown-elf-addr2line
Checking dynamic library usage for: /home/yexicong/work/freedom-tools/obj/x86_64-linux-ubuntu14/install/riscv64-unknown-elf-binutils-2.35.0-2020.12.8-x86_64-linux-ubuntu14/bin/riscv64-unknown-elf-addr2line
tclsh ../../scripts/dyn-lib-check-x86_64-linux-ubuntu14.tcl /home/yexicong/work/freedom-tools/obj/x86_64-linux-ubuntu14/install/riscv64-unknown-elf-binutils-2.35.0-2020.12.8-x86_64-linux-ubuntu14/bin/riscv64-unknown-elf-ar
Checking dynamic library usage for: /home/yexicong/work/freedom-tools/obj/x86_64-linux-ubuntu14/install/riscv64-unknown-elf-binutils-2.35.0-2020.12.8-x86_64-linux-ubuntu14/bin/riscv64-unknown-elf-ar
tclsh ../../scripts/dyn-lib-check-x86_64-linux-ubuntu14.tcl /home/yexicong/work/freedom-tools/obj/x86_64-linux-ubuntu14/install/riscv64-unknown-elf-binutils-2.35.0-2020.12.8-x86_64-linux-ubuntu14/bin/riscv64-unknown-elf-as
Checking dynamic library usage for: /home/yexicong/work/freedom-tools/obj/x86_64-linux-ubuntu14/install/riscv64-unknown-elf-binutils-2.35.0-2020.12.8-x86_64-linux-ubuntu14/bin/riscv64-unknown-elf-as
tclsh ../../scripts/dyn-lib-check-x86_64-linux-ubuntu14.tcl /home/yexicong/work/freedom-tools/obj/x86_64-linux-ubuntu14/install/riscv64-unknown-elf-binutils-2.35.0-2020.12.8-x86_64-linux-ubuntu14/bin/riscv64-unknown-elf-c++filt
Checking dynamic library usage for: /home/yexicong/work/freedom-tools/obj/x86_64-linux-ubuntu14/install/riscv64-unknown-elf-binutils-2.35.0-2020.12.8-x86_64-linux-ubuntu14/bin/riscv64-unknown-elf-c++filt
tclsh ../../scripts/dyn-lib-check-x86_64-linux-ubuntu14.tcl /home/yexicong/work/freedom-tools/obj/x86_64-linux-ubuntu14/install/riscv64-unknown-elf-binutils-2.35.0-2020.12.8-x86_64-linux-ubuntu14/bin/riscv64-unknown-elf-elfedit
Checking dynamic library usage for: /home/yexicong/work/freedom-tools/obj/x86_64-linux-ubuntu14/install/riscv64-unknown-elf-binutils-2.35.0-2020.12.8-x86_64-linux-ubuntu14/bin/riscv64-unknown-elf-elfedit
tclsh ../../scripts/dyn-lib-check-x86_64-linux-ubuntu14.tcl /home/yexicong/work/freedom-tools/obj/x86_64-linux-ubuntu14/install/riscv64-unknown-elf-binutils-2.35.0-2020.12.8-x86_64-linux-ubuntu14/bin/riscv64-unknown-elf-gprof
Checking dynamic library usage for: /home/yexicong/work/freedom-tools/obj/x86_64-linux-ubuntu14/install/riscv64-unknown-elf-binutils-2.35.0-2020.12.8-x86_64-linux-ubuntu14/bin/riscv64-unknown-elf-gprof
tclsh ../../scripts/dyn-lib-check-x86_64-linux-ubuntu14.tcl /home/yexicong/work/freedom-tools/obj/x86_64-linux-ubuntu14/install/riscv64-unknown-elf-binutils-2.35.0-2020.12.8-x86_64-linux-ubuntu14/bin/riscv64-unknown-elf-ld
Checking dynamic library usage for: /home/yexicong/work/freedom-tools/obj/x86_64-linux-ubuntu14/install/riscv64-unknown-elf-binutils-2.35.0-2020.12.8-x86_64-linux-ubuntu14/bin/riscv64-unknown-elf-ld
tclsh ../../scripts/dyn-lib-check-x86_64-linux-ubuntu14.tcl /home/yexicong/work/freedom-tools/obj/x86_64-linux-ubuntu14/install/riscv64-unknown-elf-binutils-2.35.0-2020.12.8-x86_64-linux-ubuntu14/bin/riscv64-unknown-elf-ld.bfd
Checking dynamic library usage for: /home/yexicong/work/freedom-tools/obj/x86_64-linux-ubuntu14/install/riscv64-unknown-elf-binutils-2.35.0-2020.12.8-x86_64-linux-ubuntu14/bin/riscv64-unknown-elf-ld.bfd
tclsh ../../scripts/dyn-lib-check-x86_64-linux-ubuntu14.tcl /home/yexicong/work/freedom-tools/obj/x86_64-linux-ubuntu14/install/riscv64-unknown-elf-binutils-2.35.0-2020.12.8-x86_64-linux-ubuntu14/bin/riscv64-unknown-elf-nm
Checking dynamic library usage for: /home/yexicong/work/freedom-tools/obj/x86_64-linux-ubuntu14/install/riscv64-unknown-elf-binutils-2.35.0-2020.12.8-x86_64-linux-ubuntu14/bin/riscv64-unknown-elf-nm
tclsh ../../scripts/dyn-lib-check-x86_64-linux-ubuntu14.tcl /home/yexicong/work/freedom-tools/obj/x86_64-linux-ubuntu14/install/riscv64-unknown-elf-binutils-2.35.0-2020.12.8-x86_64-linux-ubuntu14/bin/riscv64-unknown-elf-objcopy
Checking dynamic library usage for: /home/yexicong/work/freedom-tools/obj/x86_64-linux-ubuntu14/install/riscv64-unknown-elf-binutils-2.35.0-2020.12.8-x86_64-linux-ubuntu14/bin/riscv64-unknown-elf-objcopy
tclsh ../../scripts/dyn-lib-check-x86_64-linux-ubuntu14.tcl /home/yexicong/work/freedom-tools/obj/x86_64-linux-ubuntu14/install/riscv64-unknown-elf-binutils-2.35.0-2020.12.8-x86_64-linux-ubuntu14/bin/riscv64-unknown-elf-objdump
Checking dynamic library usage for: /home/yexicong/work/freedom-tools/obj/x86_64-linux-ubuntu14/install/riscv64-unknown-elf-binutils-2.35.0-2020.12.8-x86_64-linux-ubuntu14/bin/riscv64-unknown-elf-objdump
tclsh ../../scripts/dyn-lib-check-x86_64-linux-ubuntu14.tcl /home/yexicong/work/freedom-tools/obj/x86_64-linux-ubuntu14/install/riscv64-unknown-elf-binutils-2.35.0-2020.12.8-x86_64-linux-ubuntu14/bin/riscv64-unknown-elf-ranlib
Checking dynamic library usage for: /home/yexicong/work/freedom-tools/obj/x86_64-linux-ubuntu14/install/riscv64-unknown-elf-binutils-2.35.0-2020.12.8-x86_64-linux-ubuntu14/bin/riscv64-unknown-elf-ranlib
tclsh ../../scripts/dyn-lib-check-x86_64-linux-ubuntu14.tcl /home/yexicong/work/freedom-tools/obj/x86_64-linux-ubuntu14/install/riscv64-unknown-elf-binutils-2.35.0-2020.12.8-x86_64-linux-ubuntu14/bin/riscv64-unknown-elf-readelf
Checking dynamic library usage for: /home/yexicong/work/freedom-tools/obj/x86_64-linux-ubuntu14/install/riscv64-unknown-elf-binutils-2.35.0-2020.12.8-x86_64-linux-ubuntu14/bin/riscv64-unknown-elf-readelf
tclsh ../../scripts/dyn-lib-check-x86_64-linux-ubuntu14.tcl /home/yexicong/work/freedom-tools/obj/x86_64-linux-ubuntu14/install/riscv64-unknown-elf-binutils-2.35.0-2020.12.8-x86_64-linux-ubuntu14/bin/riscv64-unknown-elf-size
Checking dynamic library usage for: /home/yexicong/work/freedom-tools/obj/x86_64-linux-ubuntu14/install/riscv64-unknown-elf-binutils-2.35.0-2020.12.8-x86_64-linux-ubuntu14/bin/riscv64-unknown-elf-size
tclsh ../../scripts/dyn-lib-check-x86_64-linux-ubuntu14.tcl /home/yexicong/work/freedom-tools/obj/x86_64-linux-ubuntu14/install/riscv64-unknown-elf-binutils-2.35.0-2020.12.8-x86_64-linux-ubuntu14/bin/riscv64-unknown-elf-strings
Checking dynamic library usage for: /home/yexicong/work/freedom-tools/obj/x86_64-linux-ubuntu14/install/riscv64-unknown-elf-binutils-2.35.0-2020.12.8-x86_64-linux-ubuntu14/bin/riscv64-unknown-elf-strings
tclsh ../../scripts/dyn-lib-check-x86_64-linux-ubuntu14.tcl /home/yexicong/work/freedom-tools/obj/x86_64-linux-ubuntu14/install/riscv64-unknown-elf-binutils-2.35.0-2020.12.8-x86_64-linux-ubuntu14/bin/riscv64-unknown-elf-strip
Checking dynamic library usage for: /home/yexicong/work/freedom-tools/obj/x86_64-linux-ubuntu14/install/riscv64-unknown-elf-binutils-2.35.0-2020.12.8-x86_64-linux-ubuntu14/bin/riscv64-unknown-elf-strip
date > /home/yexicong/work/freedom-tools/obj/x86_64-linux-ubuntu14/build/riscv64-unknown-elf-binutils/build-binutils/build.stamp
mkdir -p /home/yexicong/work/freedom-tools/obj/x86_64-linux-ubuntu14/build/riscv64-unknown-elf-binutils/
git log --format="[%ad] %s" > /home/yexicong/work/freedom-tools/obj/x86_64-linux-ubuntu14/install/riscv64-unknown-elf-binutils-2.35.0-2020.12.8-x86_64-linux-ubuntu14/riscv64-unknown-elf-binutils-2.35.0-2020.12.8-x86_64-linux-ubuntu14.changelog
rm -f /home/yexicong/work/freedom-tools/obj/x86_64-linux-ubuntu14/install/riscv64-unknown-elf-binutils-2.35.0-2020.12.8-x86_64-linux-ubuntu14.properties
echo "# SiFive Freedom Package Properties File" > /home/yexicong/work/freedom-tools/obj/x86_64-linux-ubuntu14/install/riscv64-unknown-elf-binutils-2.35.0-2020.12.8-x86_64-linux-ubuntu14.properties
echo "PACKAGE_TYPE = freedom-tools" >> /home/yexicong/work/freedom-tools/obj/x86_64-linux-ubuntu14/install/riscv64-unknown-elf-binutils-2.35.0-2020.12.8-x86_64-linux-ubuntu14.properties
echo "PACKAGE_DESC_SEG = Bare Metal Binutils" >> /home/yexicong/work/freedom-tools/obj/x86_64-linux-ubuntu14/install/riscv64-unknown-elf-binutils-2.35.0-2020.12.8-x86_64-linux-ubuntu14.properties
echo "PACKAGE_FIXED_ID = riscv64-unknown-elf-binutils" >> /home/yexicong/work/freedom-tools/obj/x86_64-linux-ubuntu14/install/riscv64-unknown-elf-binutils-2.35.0-2020.12.8-x86_64-linux-ubuntu14.properties
echo "PACKAGE_BUILD_ID = 2020.12.8" >> /home/yexicong/work/freedom-tools/obj/x86_64-linux-ubuntu14/install/riscv64-unknown-elf-binutils-2.35.0-2020.12.8-x86_64-linux-ubuntu14.properties
echo "PACKAGE_CORE_VER = 2.35.0" >> /home/yexicong/work/freedom-tools/obj/x86_64-linux-ubuntu14/install/riscv64-unknown-elf-binutils-2.35.0-2020.12.8-x86_64-linux-ubuntu14.properties
echo "PACKAGE_TARGET = x86_64-linux-ubuntu14" >> /home/yexicong/work/freedom-tools/obj/x86_64-linux-ubuntu14/install/riscv64-unknown-elf-binutils-2.35.0-2020.12.8-x86_64-linux-ubuntu14.properties
echo "PACKAGE_VENDOR = SiFive" >> /home/yexicong/work/freedom-tools/obj/x86_64-linux-ubuntu14/install/riscv64-unknown-elf-binutils-2.35.0-2020.12.8-x86_64-linux-ubuntu14.properties
echo "PACKAGE_RIGHTS = sifive-v00 eclipse-v20" >> /home/yexicong/work/freedom-tools/obj/x86_64-linux-ubuntu14/install/riscv64-unknown-elf-binutils-2.35.0-2020.12.8-x86_64-linux-ubuntu14.properties
echo "RISCV_TAGS = rv32i rv64i m a f d c v zfh zba zbb" >> /home/yexicong/work/freedom-tools/obj/x86_64-linux-ubuntu14/install/riscv64-unknown-elf-binutils-2.35.0-2020.12.8-x86_64-linux-ubuntu14.properties
echo "TOOLS_TAGS = binutils-metal" >> /home/yexicong/work/freedom-tools/obj/x86_64-linux-ubuntu14/install/riscv64-unknown-elf-binutils-2.35.0-2020.12.8-x86_64-linux-ubuntu14.properties
cp /home/yexicong/work/freedom-tools/obj/x86_64-linux-ubuntu14/install/riscv64-unknown-elf-binutils-2.35.0-2020.12.8-x86_64-linux-ubuntu14.properties /home/yexicong/work/freedom-tools/obj/x86_64-linux-ubuntu14/install/riscv64-unknown-elf-binutils-2.35.0-2020.12.8-x86_64-linux-ubuntu14/
tclsh ../../scripts/check-maximum-path-length.tcl /home/yexicong/work/freedom-tools/obj/x86_64-linux-ubuntu14/install/riscv64-unknown-elf-binutils-2.35.0-2020.12.8-x86_64-linux-ubuntu14 "riscv64-unknown-elf-binutils" "2.35.0" "2020.12.8"
tclsh ../../scripts/check-same-name-different-case.tcl /home/yexicong/work/freedom-tools/obj/x86_64-linux-ubuntu14/install/riscv64-unknown-elf-binutils-2.35.0-2020.12.8-x86_64-linux-ubuntu14
echo /home/yexicong/work/freedom-tools/obj/x86_64-linux-ubuntu14/install/riscv64-unknown-elf-binutils-2.35.0-2020.12.8-x86_64-linux-ubuntu14/bin:/home/yexicong/work/toolchain-install/bin:/home/yexicong/work/idea-IC-221.5787.30/bin:/home/yexicong/.local/bin:/usr/local/sbin:/usr/local/bin:/usr/sbin:/usr/bin:/sbin:/bin:/usr/games:/usr/local/games:/snap/bin:/snap/bin
/home/yexicong/work/freedom-tools/obj/x86_64-linux-ubuntu14/install/riscv64-unknown-elf-binutils-2.35.0-2020.12.8-x86_64-linux-ubuntu14/bin:/home/yexicong/work/toolchain-install/bin:/home/yexicong/work/idea-IC-221.5787.30/bin:/home/yexicong/.local/bin:/usr/local/sbin:/usr/local/bin:/usr/sbin:/usr/bin:/sbin:/bin:/usr/games:/usr/local/games:/snap/bin:/snap/bin
date > /home/yexicong/work/freedom-tools/obj/x86_64-linux-ubuntu14/build/riscv64-unknown-elf-binutils/install.stamp
mkdir -p /home/yexicong/work/freedom-tools/bin/
cd /home/yexicong/work/freedom-tools/obj/x86_64-linux-ubuntu14/install; tar --dereference --hard-dereference -c riscv64-unknown-elf-binutils-2.35.0-2020.12.8-x86_64-linux-ubuntu14 | gzip > /home/yexicong/work/freedom-tools/bin/riscv64-unknown-elf-binutils-2.35.0-2020.12.8-x86_64-linux-ubuntu14.tar.gz
mkdir -p /home/yexicong/work/freedom-tools/bin/
cd /home/yexicong/work/freedom-tools/obj/x86_64-linux-ubuntu14/buildlog/riscv64-unknown-elf-binutils; tar --dereference --hard-dereference -c * | gzip > /home/yexicong/work/freedom-tools/bin/riscv64-unknown-elf-binutils-2.35.0-2020.12.8-x86_64-linux-ubuntu14.log.tar.gz
mkdir -p /home/yexicong/work/freedom-tools/bin/
cd /home/yexicong/work/freedom-tools; tar --dereference --hard-dereference --exclude bin --exclude obj -c * | gzip > /home/yexicong/work/freedom-tools/bin/riscv64-unknown-elf-binutils-2.35.0-2020.12.8-x86_64-linux-ubuntu14.cfg.tar.gz
mkdir -p /home/yexicong/work/freedom-tools/bin/
cp /home/yexicong/work/freedom-tools/obj/x86_64-linux-ubuntu14/install/riscv64-unknown-elf-binutils-2.35.0-2020.12.8-x86_64-linux-ubuntu14.properties /home/yexicong/work/freedom-tools/bin/riscv64-unknown-elf-binutils-2.35.0-2020.12.8-x86_64-linux-ubuntu14.properties
make[1]: Leaving directory '/home/yexicong/work/freedom-tools/modules/freedom-binutils-metal'

